[17:29:03] [Server thread/INFO]: Starting minecraft server version 1.12.2
[17:29:03] [Server thread/INFO]: Loading properties
[17:29:03] [Server thread/INFO]: Default game type: SURVIVAL
[17:29:07] [Server thread/INFO]: This server is running CraftBukkit version git-Spigot-3d850ec-809c399 (MC: 1.12.2) (Implementing API version 1.12.2-R0.1-SNAPSHOT)
[17:29:10] [Server thread/INFO]: Debug logging is disabled
[17:29:10] [Server thread/INFO]: Server Ping Player Sample Count: 12
[17:29:10] [Server thread/INFO]: Using 4 threads for Netty based IO
[17:29:10] [Server thread/INFO]: Generating keypair
[17:29:13] [Server thread/INFO]: Starting Minecraft server on *:25565
[17:29:15] [Server thread/INFO]: Using default channel type
[17:29:19] [Server thread/WARN]: **** FAILED TO BIND TO PORT!
[17:29:19] [Server thread/WARN]: The exception was: java.net.BindException: Address already in use: bind
[17:29:19] [Server thread/WARN]: Perhaps a server is already running on that port?
[17:29:19] [Server thread/INFO]: Stopping server
[17:29:19] [Server thread/INFO]: Saving players
bukkit.craftbukkit.libs.jline.console.ConsoleReader.readLineSimple(ConsoleReader.java:3183) ~[spigot.jar:git-Spigot-3d850ec-809c399]
	at org.bukkit.craftbukkit.libs.jline.console.ConsoleReader.readLine(ConsoleReader.java:2333) ~[spigot.jar:git-Spigot-3d850ec-809c399]
	at org.bukkit.craftbukkit.libs.jline.console.ConsoleReader.readLine(ConsoleReader.java:2269) ~[spigot.jar:git-Spigot-3d850ec-809c399]
	at org.bukkit.craftbukkit.libs.jline.console.ConsoleReader.readLine(ConsoleReader.java:2257) ~[spigot.jar:git-Spigot-3d850ec-809c399]
	at net.minecraft.server.v1_12_R1.DedicatedServer$2.run(DedicatedServer.java:87) [spigot.jar:git-Spigot-3d850ec-809c399]
[17:29:03] [Server thread/INFO]: Default game type: SURVIVAL
[17:29:07] [Server thread/INFO]: This server is running CraftBukkit version git-Spigot-3d850ec-809c399 (MC: 1.12.2) (Implementing API version 1.12.2-R0.1-SNAPSHOT)
[17:29:10] [Server thread/INFO]: Debug logging is disabled
[17:29:10] [Server thread/INFO]: Server Ping Player Sample Count: 12
[17:29:10] [Server thread/INFO]: Using 4 threads for Netty based IO
[17:29:10] [Server thread/INFO]: Generating keypair
[17:29:13] [Server thread/INFO]: Starting Minecraft server on *:25565
[17:29:15] [Server thread/INFO]: Using default channel type
[17:29:19] [Server thread/INFO]: Set PluginClassLoader as parallel capable
[17:29:20] [Server thread/INFO]: [ProtocolSupport] Loading ProtocolSupport v4.28
[17:29:20] [Server thread/INFO]: [ProtocolSupport] Detected Spigot server implementation type
[17:29:21] [Server thread/INFO]: [ProtocolSupport] Allocator: PooledByteBufAllocator(directByDefault: true), direct: true
[17:29:24] [Server thread/INFO]: [ProtocolSupport] Compression level: 3
[17:29:25] [Server thread/INFO]: [ProtocolSupport] Assume 1.5.2 ping delay: 100
[17:29:25] [Server thread/INFO]: [ProtocolSupport] Assume legacy ping delay: 200
[17:29:25] [Server thread/INFO]: [ProtocolSupport] Login threads keep alive time: 60
[17:29:33] [Server thread/INFO]: [UsersManagerPlugin] Loading UsersManagerPlugin v1.0.0
[17:29:33] [Server thread/INFO]: [PermisionsManager] Loading PermisionsManager v1.0.0
[17:29:33] [Server thread/INFO]: [ProtocolSupport] Enabling ProtocolSupport v4.28
[17:29:34] [Server thread/WARN]: **** SERVER IS RUNNING IN OFFLINE/INSECURE MODE!
[17:29:34] [Server thread/WARN]: The server will make no attempt to authenticate usernames. Beware.
[17:29:34] [Server thread/WARN]: While this makes the game possible to play without internet access, it also opens up the ability for hackers to connect with any username they choose.
[17:29:34] [Server thread/WARN]: To change this, set "online-mode" to "true" in the server.properties file.
[17:29:34] [Server thread/INFO]: **** Beginning UUID conversion, this may take A LONG time ****
[17:29:35] [Server thread/INFO]: Preparing level "LOGINHUB"
[17:29:37] [Server thread/INFO]: -------- World Settings For [LOGINHUB] --------
[17:29:37] [Server thread/INFO]: Allow Zombie Pigmen to spawn from portal blocks: true
[17:29:37] [Server thread/INFO]: View Distance: 10
[17:29:37] [Server thread/INFO]: Arrow Despawn Rate: 1200
[17:29:37] [Server thread/INFO]: Item Merge Radius: 2.5
[17:29:37] [Server thread/INFO]: Item Despawn Rate: 6000
[17:29:37] [Server thread/INFO]: Zombie Aggressive Towards Villager: true
[17:29:37] [Server thread/INFO]: Cactus Growth Modifier: 100%
[17:29:37] [Server thread/INFO]: Cane Growth Modifier: 100%
[17:29:37] [Server thread/INFO]: Melon Growth Modifier: 100%
[17:29:37] [Server thread/INFO]: Mushroom Growth Modifier: 100%
[17:29:37] [Server thread/INFO]: Pumpkin Growth Modifier: 100%
[17:29:37] [Server thread/INFO]: Sapling Growth Modifier: 100%
[17:29:37] [Server thread/INFO]: Wheat Growth Modifier: 100%
[17:29:37] [Server thread/INFO]: NetherWart Growth Modifier: 100%
[17:29:37] [Server thread/INFO]: Vine Growth Modifier: 100%
[17:29:37] [Server thread/INFO]: Cocoa Growth Modifier: 100%
[17:29:37] [Server thread/INFO]: Mob Spawn Range: 4
[17:29:37] [Server thread/INFO]: Max TNT Explosions: 100
[17:29:37] [Server thread/INFO]: Tile Max Tick Time: 50ms Entity max Tick Time: 50ms
[17:29:37] [Server thread/INFO]: Hopper Transfer: 8 Hopper Check: 1 Hopper Amount: 1
[17:29:37] [Server thread/INFO]: Random Lighting Updates: false
[17:29:37] [Server thread/INFO]: Entity Activation Range: An 32 / Mo 32 / Mi 16
[17:29:37] [Server thread/INFO]: Entity Tracking Range: Pl 48 / An 48 / Mo 48 / Mi 32 / Other 64
[17:29:37] [Server thread/INFO]: Structure Info Saving: true
[17:29:37] [Server thread/INFO]: Experience Merge Radius: 3.0
[17:29:37] [Server thread/INFO]: Nerfing mobs spawned from spawners: false
[17:29:37] [Server thread/INFO]: Custom Map Seeds:  Village: 10387312 Feature: 14357617 Monument: 10387313 Slime: 987234911
[17:29:54] [Server thread/INFO]: -------- World Settings For [LOGINHUB_nether] --------
[17:29:54] [Server thread/INFO]: Allow Zombie Pigmen to spawn from portal blocks: true
[17:29:54] [Server thread/INFO]: View Distance: 10
[17:29:54] [Server thread/INFO]: Arrow Despawn Rate: 1200
[17:29:54] [Server thread/INFO]: Item Merge Radius: 2.5
[17:29:54] [Server thread/INFO]: Item Despawn Rate: 6000
[17:29:54] [Server thread/INFO]: Zombie Aggressive Towards Villager: true
[17:29:54] [Server thread/INFO]: Cactus Growth Modifier: 100%
[17:29:54] [Server thread/INFO]: Cane Growth Modifier: 100%
[17:29:54] [Server thread/INFO]: Melon Growth Modifier: 100%
[17:29:54] [Server thread/INFO]: Mushroom Growth Modifier: 100%
[17:29:54] [Server thread/INFO]: Pumpkin Growth Modifier: 100%
[17:29:54] [Server thread/INFO]: Sapling Growth Modifier: 100%
[17:29:54] [Server thread/INFO]: Wheat Growth Modifier: 100%
[17:29:54] [Server thread/INFO]: NetherWart Growth Modifier: 100%
[17:29:54] [Server thread/INFO]: Vine Growth Modifier: 100%
[17:29:54] [Server thread/INFO]: Cocoa Growth Modifier: 100%
[17:29:54] [Server thread/INFO]: Mob Spawn Range: 4
[17:29:54] [Server thread/INFO]: Max TNT Explosions: 100
[17:29:54] [Server thread/INFO]: Tile Max Tick Time: 50ms Entity max Tick Time: 50ms
[17:29:54] [Server thread/INFO]: Hopper Transfer: 8 Hopper Check: 1 Hopper Amount: 1
[17:29:54] [Server thread/INFO]: Random Lighting Updates: false
[17:29:54] [Server thread/INFO]: Entity Activation Range: An 32 / Mo 32 / Mi 16
[17:29:54] [Server thread/INFO]: Entity Tracking Range: Pl 48 / An 48 / Mo 48 / Mi 32 / Other 64
[17:29:54] [Server thread/INFO]: Structure Info Saving: true
[17:29:54] [Server thread/INFO]: Experience Merge Radius: 3.0
[17:29:54] [Server thread/INFO]: Nerfing mobs spawned from spawners: false
[17:29:54] [Server thread/INFO]: Custom Map Seeds:  Village: 10387312 Feature: 14357617 Monument: 10387313 Slime: 987234911
[17:29:55] [Server thread/INFO]: -------- World Settings For [LOGINHUB_the_end] --------
[17:29:55] [Server thread/INFO]: Allow Zombie Pigmen to spawn from portal blocks: true
[17:29:55] [Server thread/INFO]: View Distance: 10
[17:29:55] [Server thread/INFO]: Arrow Despawn Rate: 1200
[17:29:55] [Server thread/INFO]: Item Merge Radius: 2.5
[17:29:55] [Server thread/INFO]: Item Despawn Rate: 6000
[17:29:55] [Server thread/INFO]: Zombie Aggressive Towards Villager: true
[17:29:55] [Server thread/INFO]: Cactus Growth Modifier: 100%
[17:29:55] [Server thread/INFO]: Cane Growth Modifier: 100%
[17:29:55] [Server thread/INFO]: Melon Growth Modifier: 100%
[17:29:55] [Server thread/INFO]: Mushroom Growth Modifier: 100%
[17:29:55] [Server thread/INFO]: Pumpkin Growth Modifier: 100%
[17:29:55] [Server thread/INFO]: Sapling Growth Modifier: 100%
[17:29:55] [Server thread/INFO]: Wheat Growth Modifier: 100%
[17:29:55] [Server thread/INFO]: NetherWart Growth Modifier: 100%
[17:29:55] [Server thread/INFO]: Vine Growth Modifier: 100%
[17:29:55] [Server thread/INFO]: Cocoa Growth Modifier: 100%
[17:29:55] [Server thread/INFO]: Mob Spawn Range: 4
[17:29:55] [Server thread/INFO]: Max TNT Explosions: 100
[17:29:55] [Server thread/INFO]: Tile Max Tick Time: 50ms Entity max Tick Time: 50ms
[17:29:55] [Server thread/INFO]: Hopper Transfer: 8 Hopper Check: 1 Hopper Amount: 1
[17:29:55] [Server thread/INFO]: Random Lighting Updates: false
[17:29:55] [Server thread/INFO]: Entity Activation Range: An 32 / Mo 32 / Mi 16
[17:29:55] [Server thread/INFO]: Entity Tracking Range: Pl 48 / An 48 / Mo 48 / Mi 32 / Other 64
[17:29:55] [Server thread/INFO]: Structure Info Saving: true
[17:29:55] [Server thread/INFO]: Experience Merge Radius: 3.0
[17:29:55] [Server thread/INFO]: Nerfing mobs spawned from spawners: false
[17:29:55] [Server thread/INFO]: Custom Map Seeds:  Village: 10387312 Feature: 14357617 Monument: 10387313 Slime: 987234911
[17:29:55] [Server thread/INFO]: Preparing start region for level 0 (Seed: 9205431926815599083)
[17:29:58] [Server thread/INFO]: Preparing spawn area: 0%
[17:29:59] [Server thread/INFO]: Preparing spawn area: 0%
[17:30:00] [Server thread/INFO]: Preparing spawn area: 4%
[17:30:01] [Server thread/INFO]: Preparing spawn area: 9%
[17:30:02] [Server thread/INFO]: Preparing spawn area: 22%
[17:30:05] [Server thread/INFO]: Preparing spawn area: 24%
[17:30:06] [Server thread/INFO]: Preparing spawn area: 40%
[17:30:07] [Server thread/INFO]: Preparing spawn area: 52%
[17:30:08] [Server thread/INFO]: Preparing spawn area: 79%
[17:30:08] [Server thread/INFO]: Preparing start region for level 1 (Seed: 5370152347009251134)
[17:30:10] [Server thread/INFO]: Preparing spawn area: 2%
[17:30:11] [Server thread/INFO]: Preparing spawn area: 12%
[17:30:12] [Server thread/INFO]: Preparing spawn area: 35%
[17:30:13] [Server thread/INFO]: Preparing spawn area: 48%
[17:30:14] [Server thread/INFO]: Preparing spawn area: 50%
[17:30:15] [Server thread/INFO]: Preparing spawn area: 73%
[17:30:16] [Server thread/INFO]: Preparing spawn area: 99%
[17:30:16] [Server thread/INFO]: Preparing start region for level 2 (Seed: 5370152347009251134)
[17:30:18] [Server thread/INFO]: Preparing spawn area: 2%
[17:30:19] [Server thread/INFO]: Preparing spawn area: 48%
[17:30:20] [Server thread/INFO]: Preparing spawn area: 66%
[17:30:20] [Server thread/INFO]: [UsersManagerPlugin] Enabling UsersManagerPlugin v1.0.0
[17:30:20] [Server thread/INFO]: <[Userers Plugin]>Plugin Has Been Enabled!
[17:30:20] [Server thread/INFO]: [PermisionsManager] Enabling PermisionsManager v1.0.0
[17:30:26] [Server thread/WARN]: com.mysql.jdbc.exceptions.jdbc4.CommunicationsException: Communications link failure

The last packet sent successfully to the server was 0 milliseconds ago. The driver has not received any packets from the server.
[17:30:26] [Server thread/WARN]: 	at sun.reflect.NativeConstructorAccessorImpl.newInstance0(Native Method)
[17:30:26] [Server thread/WARN]: 	at sun.reflect.NativeConstructorAccessorImpl.newInstance(Unknown Source)
[17:30:26] [Server thread/WARN]: 	at sun.reflect.DelegatingConstructorAccessorImpl.newInstance(Unknown Source)
[17:30:26] [Server thread/WARN]: 	at java.lang.reflect.Constructor.newInstance(Unknown Source)
[17:30:26] [Server thread/WARN]: 	at com.mysql.jdbc.Util.handleNewInstance(Util.java:425)
[17:30:26] [Server thread/WARN]: 	at com.mysql.jdbc.SQLError.createCommunicationsException(SQLError.java:989)
[17:30:26] [Server thread/WARN]: 	at com.mysql.jdbc.MysqlIO.<init>(MysqlIO.java:341)
[17:30:26] [Server thread/WARN]: 	at com.mysql.jdbc.ConnectionImpl.coreConnect(ConnectionImpl.java:2189)
[17:30:26] [Server thread/WARN]: 	at com.mysql.jdbc.ConnectionImpl.connectOneTryOnly(ConnectionImpl.java:2222)
[17:30:26] [Server thread/WARN]: 	at com.mysql.jdbc.ConnectionImpl.createNewIO(ConnectionImpl.java:2017)
[17:30:26] [Server thread/WARN]: 	at com.mysql.jdbc.ConnectionImpl.<init>(ConnectionImpl.java:779)
[17:30:26] [Server thread/WARN]: 	at com.mysql.jdbc.JDBC4Connection.<init>(JDBC4Connection.java:47)
[17:30:26] [Server thread/WARN]: 	at sun.reflect.NativeConstructorAccessorImpl.newInstance0(Native Method)
[17:30:26] [Server thread/WARN]: 	at sun.reflect.NativeConstructorAccessorImpl.newInstance(Unknown Source)
[17:30:26] [Server thread/WARN]: 	at sun.reflect.DelegatingConstructorAccessorImpl.newInstance(Unknown Source)
[17:30:26] [Server thread/WARN]: 	at java.lang.reflect.Constructor.newInstance(Unknown Source)
[17:30:26] [Server thread/WARN]: 	at com.mysql.jdbc.Util.handleNewInstance(Util.java:425)
[17:30:26] [Server thread/WARN]: 	at com.mysql.jdbc.ConnectionImpl.getInstance(ConnectionImpl.java:389)
[17:30:26] [Server thread/WARN]: 	at com.mysql.jdbc.NonRegisteringDriver.connect(NonRegisteringDriver.java:330)
[17:30:26] [Server thread/WARN]: 	at java.sql.DriverManager.getConnection(Unknown Source)
[17:30:26] [Server thread/WARN]: 	at java.sql.DriverManager.getConnection(Unknown Source)
[17:30:26] [Server thread/WARN]: 	at me.myd.PermissionsManager.main.mysqlSteup(main.java:164)
[17:30:26] [Server thread/WARN]: 	at me.myd.PermissionsManager.main.onEnable(main.java:44)
[17:30:26] [Server thread/WARN]: 	at org.bukkit.plugin.java.JavaPlugin.setEnabled(JavaPlugin.java:264)
[17:30:26] [Server thread/WARN]: 	at org.bukkit.plugin.java.JavaPluginLoader.enablePlugin(JavaPluginLoader.java:337)
[17:30:26] [Server thread/WARN]: 	at org.bukkit.plugin.SimplePluginManager.enablePlugin(SimplePluginManager.java:403)
[17:30:26] [Server thread/WARN]: 	at org.bukkit.craftbukkit.v1_12_R1.CraftServer.enablePlugin(CraftServer.java:382)
[17:30:26] [Server thread/WARN]: 	at org.bukkit.craftbukkit.v1_12_R1.CraftServer.enablePlugins(CraftServer.java:331)
[17:30:26] [Server thread/WARN]: 	at net.minecraft.server.v1_12_R1.MinecraftServer.t(MinecraftServer.java:422)
[17:30:26] [Server thread/WARN]: 	at net.minecraft.server.v1_12_R1.MinecraftServer.l(MinecraftServer.java:383)
[17:30:26] [Server thread/WARN]: 	at net.minecraft.server.v1_12_R1.MinecraftServer.a(MinecraftServer.java:338)
[17:30:26] [Server thread/WARN]: 	at net.minecraft.server.v1_12_R1.DedicatedServer.init(DedicatedServer.java:272)
[17:30:26] [Server thread/WARN]: 	at net.minecraft.server.v1_12_R1.MinecraftServer.run(MinecraftServer.java:545)
[17:30:26] [Server thread/WARN]: 	at java.lang.Thread.run(Unknown Source)
[17:30:26] [Server thread/WARN]: Caused by: java.net.ConnectException: Connection refused: connect
[17:30:26] [Server thread/WARN]: 	at java.net.DualStackPlainSocketImpl.connect0(Native Method)
[17:30:26] [Server thread/WARN]: 	at java.net.DualStackPlainSocketImpl.socketConnect(Unknown Source)
[17:30:26] [Server thread/WARN]: 	at java.net.AbstractPlainSocketImpl.doConnect(Unknown Source)
[17:30:26] [Server thread/WARN]: 	at java.net.AbstractPlainSocketImpl.connectToAddress(Unknown Source)
[17:30:26] [Server thread/WARN]: 	at java.net.AbstractPlainSocketImpl.connect(Unknown Source)
[17:30:26] [Server thread/WARN]: 	at java.net.PlainSocketImpl.connect(Unknown Source)
[17:30:26] [Server thread/WARN]: 	at java.net.SocksSocketImpl.connect(Unknown Source)
[17:30:26] [Server thread/WARN]: 	at java.net.Socket.connect(Unknown Source)
[17:30:26] [Server thread/WARN]: 	at com.mysql.jdbc.StandardSocketFactory.connect(StandardSocketFactory.java:211)
[17:30:26] [Server thread/WARN]: 	at com.mysql.jdbc.MysqlIO.<init>(MysqlIO.java:300)
[17:30:26] [Server thread/WARN]: 	... 27 more
[17:30:26] [Server thread/INFO]: Server permissions file permissions.yml is empty, ignoring it
[17:30:26] [Server thread/INFO]: Done (51.597s)! For help, type "help" or "?"
